-730442345
-2726307418
-162684081448
-117152531883
-60862043657
-165606624030
-50315963115
-548793410656
-216941968909
-103183052715
-58946916332
-47498698548
-125462011610
-472677994732
-16531300559
-70605502470
-76694808601
-42239944782
-125140187808
-67150978067
-28892698972
-197674269754
-48535292293
-141601011025
-16720479148
-43540174056
-78874826299
-230466537340
-124041238366
-15579955155
-66314424139
-47070570582
-161141683632
-22331246288
-150467044649
-33447575184
-83866787378
-238348400718
-210937252265
-109736210388
-172892517786
-152190217159
-300200825396
-53415015432
-174617428869
-53780368560
-45459137191
-226969865422
-9932828806
-131373393629
-14526657578
-145572338141
-201399595841
-201979614020
-2275263784
-475652991236
-169457702074
-576013250314
-126778599206
-13271044574
-13631941983
-144198952410
-76858137806
-20009158703
-219385801169
-181669564651
-75975870900
-36120683655
-6107844607
-16526506562
-353614446648
-152417131480
-389987271205
-203235072172
-84386072544
-275026945878
-30413131299
-31848213491
-397629205206
-219358192482
-264167391634
-615068161297
-41426585089
-58244979774
-199401144313
-170389884361
-8706053965
-24862737453
-106262871056
-65159291671
-494047392508
-96827504487
-174713731757
-455111469231
-63758592098
-118452316293
-32525721246
-204224350804
-90004719398
-320133292049
-399596740423
-221483740775
-125602603475
-490269033807
-509837656089
-243918898551
-157104325030
-100656756157
-130280925401
-353076040533
-496415283666
-148257261538
-95498316946
-152100032149
-162199289870
-357912482876
-448913379633
-79682009497
-40300150946
-71122616691
-188238830902
-173159296303
-55118308619
-56026321815
-71492312261
-264932491785
-137085649701
-624993212623
-57486355061
-462912915743
-83741020448
-8778974776
-132360239815
-80411552571
-133034430002
-220188556827
-174981492987
-19565315841
-196520445914
-116556776801
-78466847513
-382215494042
-23378760106
-87980632244
-216500898184
-61457328012
-95649730380
-49181672898
-242270932999
942356862
-258573618057
-44406766943
-124412182896
-691210481
-97147052466
-227589944757
-11279892963
-584158884583
-161962106522
-32287309942
-184034669343
-152905229100
-107166025891
-44797754840
-360008453832
-492094104952
-187803774663
-47812347841
-53544283905
-130300392735
-371377743418
-13846802370
-9557140766
-203937215310
-368491478843
-36964364684
-160349805163
-107458917901
-274888013894
-111769698992
-385251178456
-381931912181
-110211994956
-209290667990
-19815062514
-26312217928
-52968737506
-3929593653
-4507969650
-17736919785
-218593061719
-123002567534
-73791453954
-80674478795
-217412011250
-152515013800
-54906502891
-28479352211
-203484294741
-175362421656
